<!DOCTYPE HTML><html><head><title>Behave Test Report</title><meta content="text/html;charset=utf-8" http-equiv="content-type" /><style type="text/css"><!--
@charset "utf-8"; .passed{}.failed{}.error{}.skipped{}.undefined{}.summary{}.failed_scenarios{}.footer{}body{font-size:0;color:white;margin:0;padding:0}.behave,td,th{font:normal 11px "Lucida Grande",Helvetica,sans-serif;background:white;color:black}.behave #behave-header,td #behave-header,th #behave-header{background:#65c400;color:white;height:8em}.behave #behave-header #expand-collapse p,td #behave-header #expand-collapse p,th #behave-header #expand-collapse p{float:right;margin:0 0 0 10px}.behave .scenario h3,td .scenario h3,th .scenario h3,.background h3{font-size:11px;padding:3px;margin:0;background:#65c400;color:white;font-weight:bold}.background h3{font-size:1.2em;background:#666}.behave h1,td h1,th h1{margin:0 10px 0 10px;padding:10px;font-family:"Lucida Grande",Helvetica,sans-serif;font-size:2em;position:absolute}.behave h4,td h4,th h4{margin-bottom:2px}.behave div.feature,td div.feature,th div.feature{padding:2px;margin:0 10px 5px 10px}.behave div.examples,td div.examples,th div.examples{padding:0 0 0 1em}.behave .stats,td .stats,th .stats{margin:2em}.behave .summary ul.features li,td .summary ul.features li,th .summary ul.features li{display:inline}.behave .step_name,td .step_name,th .step_name{float:left}.behave .step_file,td .step_file,th .step_file{text-align:right;color:#999}.behave .step_file a,td .step_file a,th .step_file a{color:#999}.behave .scenario_file,td .scenario_file,th .scenario_file{float:right;color:#999}.behave .step_duration{padding-left:1em}.behave .tag,td .tag,th .tag{font-weight:bold;color:#246ac1}.behave .backtrace,td .backtrace,th .backtrace{margin-top:0;margin-bottom:0;margin-left:1em;color:black}.behave a,td a,th a{color:#be5c00;margin-right:.5em}.behave a:hover,td a:hover,th a:hover{text-decoration:none}.behave a:visited,td a:visited,th a:visited{font-weight:normal}.behave a div.examples,td a div.examples,th a div.examples{margin:5px 0 5px 15px;color:black}.behave .outline table,td .outline table,th .outline table{margin:0 0 5px 10px}.behave table,td table,th table{border-collapse:collapse}.behave table td,td table td,th table td{padding:3px 3px 3px 5px}.behave table td.failed,.behave table td.passed,.behave table td.skipped,.behave table td.pending,.behave table td.undefined,td table td.failed,td table td.passed,td table td.skipped,td table td.pending{padding-left:18px;padding-right:10px}.behave table td.failed,td table td.failed,th table td.failed{border-left:5px solid #c20000;border-bottom:1px solid #c20000;background:#fffbd3;color:#c20000}.behave table td.passed,td table td.passed,th table td.passed{border-left:5px solid #65c400;border-bottom:1px solid #65c400;background:#dbffb4;color:#3d7700}.behave table td.skipped,td table td.skipped,th table td.skipped{border-left:5px solid aqua;border-bottom:1px solid aqua;background:#e0ffff;color:#011}.behave table td.pending,td table td.pending,th table td.pending{border-left:5px solid #faf834;border-bottom:1px solid #faf834;background:#fcfb98;color:#131313}.behave table td.undefined,td table td.undefined,th table td.undefined{border-left:5px solid #faf834;border-bottom:1px solid #faf834;background:#fcfb98;color:#131313}.behave table td.message,td table td.message,th table td.message{border-left:5px solid aqua;border-bottom:1px solid aqua;background:#e0ffff;color:#011}.behave ol,td ol,th ol{list-style:none;margin:0;padding:0}.behave ol li.step,td ol li.step,th ol li.step{padding:3px 3px 3px 18px;margin:5px 0 5px 5px}.behave ol li,td ol li,th ol li{margin:0 0 0 1em;padding:0 0 0 .2em}.behave ol li span.param,td ol li span.param,th ol li span.param{font-weight:bold}.behave ol li.failed,td ol li.failed,th ol li.failed{border-left:5px solid #c20000;border-bottom:1px solid #c20000;background:#fffbd3;color:#c20000}.behave ol li.passed,td ol li.passed,th ol li.passed{border-left:5px solid #65c400;border-bottom:1px solid #65c400;background:#dbffb4;color:#3d7700}.behave ol li.skipped,td ol li.skipped,th ol li.skipped{border-left:5px solid aqua;border-bottom:1px solid aqua;background:#e0ffff;color:#011}.behave ol li.pending,td ol li.pending,th ol li.pending{border-left:5px solid #faf834;border-bottom:1px solid #faf834;background:#fcfb98;color:#131313}.behave ol li.undefined,td ol li.undefined,th ol li.undefined{border-left:5px solid #faf834;border-bottom:1px solid #faf834;background:#fcfb98;color:#131313}.behave ol li.message,td ol li.message,th ol li.message{border-left:5px solid aqua;border-bottom:1px solid aqua;background:#e0ffff;color:#011;margin-left:10px}.behave #summary,td #summary,th #summary{margin:0;padding:5px 10px;text-align:right;top:0;right:0;float:right}.behave #summary p,td #summary p,th #summary p{margin:0 0 0 2px}.behave #summary #totals,td #summary #totals,th #summary #totals{font-size:1.2em}.behave .scenario h3.failed,td .scenario h3.failed,th .scenario h3.failed,.background h3.failed{background:#c20000}.behave #behave-header.failed,td #behave-header.failed,th #behave-header.failed{background:#c20000}.behave .scenario h3.undefined,td .scenario h3.undefined,th .scenario h3.undefined,.background h3.undefined{background:#faf834;color:black}.behave #behave-header.undefined,td #behave-header.undefined,th #behave-header.undefined{background:#faf834;color:black}#behave-header.failed a{color:white}pre{white-space:pre-wrap}
--></style><script type="text/javascript"><!--
function Collapsible_toggle(id){var elem=document.getElementById(id);elem.style.display=(elem.style.display=='none'?'block':'none');return false;};function Collapsible_expandAll(className){var elems=document.getElementsByClassName(className);for(var i=0;i<elems.length;i++){elems[i].style.display='block';}};function Collapsible_collapseAll(className){var elems=document.getElementsByClassName(className);for(var i=0;i<elems.length;i++){elems[i].style.display='none';}};function Collapsible_expandAllFailed(){var elems=document.getElementsByClassName('failed');for(var i=0;i<elems.length;i++){var elem=elems[i];if(elem.nodeName=='H3'){elem.parentElement.getElementsByTagName('ol')[0].style.display='block';}}}
--></script></head><body><div class="behave"><div id="behave-header" class="failed"><div id="label"><h1>Behave Test Report</h1></div><div id="summary"><p id="totals"><p id="feature_totals">Features: failed: 2</p><p id="scenario_totals">Scenarios: passed: 3, failed: 3</p><p id="step_totals">Steps: passed: 17, failed: 3, skipped: 7</p></p><p id="duration">Finished in 182.8 seconds</p><div id="expand-collapse"><a id="expander" href="#" onclick="Collapsible_expandAll('scenario_steps')">Expand All</a><span> | </span><a id="collapser" href="#" onclick="Collapsible_collapseAll('scenario_steps')">Collapse All</a><span> | </span><a id="failed_expander" href="#" onclick="Collapsible_expandAllFailed()">Expand All Failed</a></div></div></div><div class="feature"><h2><span class="val">Feature: User Registration and Purchase</span></h2><span /></div><div class="background"><h3><span class="val">Background: </span></h3><ol /><span /></div><div class="scenario"><span class="scenario_file">features/product.feature:12</span><h3 onclick="Collapsible_toggle('scenario_0')"><span class="val">Scenario: Open Samsung Galaxy S6 Product Page</span></h3><ol class="scenario_steps" id="scenario_0"><li class="step passed"><div class="step_name"><span class="keyword">Given </span><span class="step val">I am on the registration page</span><small class="step_duration">(6.809s)</small></div><div class="step_file"><span>features/steps/register_steps.py:4</span></div><span class="embed" /></li><li class="step passed"><div class="step_name"><span class="keyword">And </span><span class="step val">I click the login link</span><small class="step_duration">(0.051s)</small></div><div class="step_file"><span>features/steps/register_steps.py:40</span></div><span class="embed" /></li><li class="step passed"><div class="step_name"><span class="keyword">When </span><span class="step val">I fill in the registration form with valid data</span><small class="step_duration">(0.149s)</small></div><div class="step_file"><span>features/steps/register_steps.py:23</span></div><table><tr><th>user_name</th><th>password</th></tr><tr><td>test</td><td>test</td></tr></table><span class="embed" /></li><li class="step passed"><div class="step_name"><span class="keyword">And </span><span class="step val">I login the form</span><small class="step_duration">(0.387s)</small></div><div class="step_file"><span>features/steps/register_steps.py:44</span></div><span class="embed" /></li><li class="step passed"><div class="step_name"><span class="keyword">And </span><span class="step val">Verify the Successful authentication</span><small class="step_duration">(11.199s)</small></div><div class="step_file"><span>features/steps/register_steps.py:48</span></div><span class="embed" /></li><li class="step passed"><div class="step_name"><span class="keyword">Given </span><span class="step val">I click the samsung galaxy s6 link</span><small class="step_duration">(0.308s)</small></div><div class="step_file"><span>features/steps/register_steps.py:52</span></div><span class="embed" /></li></ol><span /></div><div class="scenario"><span class="scenario_file">features/product.feature:15</span><h3 onclick="Collapsible_toggle('scenario_1')"><span class="val">Scenario: Add product to cart</span></h3><ol class="scenario_steps" id="scenario_1"><li class="step passed"><div class="step_name"><span class="keyword">Given </span><span class="step val">I am on the registration page</span><small class="step_duration">(2.990s)</small></div><div class="step_file"><span>features/steps/register_steps.py:4</span></div><span class="embed" /></li><li class="step passed"><div class="step_name"><span class="keyword">And </span><span class="step val">I click the login link</span><small class="step_duration">(0.049s)</small></div><div class="step_file"><span>features/steps/register_steps.py:40</span></div><span class="embed" /></li><li class="step passed"><div class="step_name"><span class="keyword">When </span><span class="step val">I fill in the registration form with valid data</span><small class="step_duration">(0.153s)</small></div><div class="step_file"><span>features/steps/register_steps.py:23</span></div><table><tr><th>user_name</th><th>password</th></tr><tr><td>test</td><td>test</td></tr></table><span class="embed" /></li><li class="step passed"><div class="step_name"><span class="keyword">And </span><span class="step val">I login the form</span><small class="step_duration">(0.385s)</small></div><div class="step_file"><span>features/steps/register_steps.py:44</span></div><span class="embed" /></li><li class="step passed"><div class="step_name"><span class="keyword">And </span><span class="step val">Verify the Successful authentication</span><small class="step_duration">(5.966s)</small></div><div class="step_file"><span>features/steps/register_steps.py:48</span></div><span class="embed" /></li><li class="step passed"><div class="step_name"><span class="keyword">Given </span><span class="step val">I click the samsung galaxy s6 link</span><small class="step_duration">(0.377s)</small></div><div class="step_file"><span>features/steps/register_steps.py:52</span></div><span class="embed" /></li><li class="step passed"><div class="step_name"><span class="keyword">And </span><span class="step val">I click the Add Cart button</span><small class="step_duration">(10.108s)</small></div><div class="step_file"><span>features/steps/register_steps.py:56</span></div><span class="embed" /></li><li class="step passed"><div class="step_name"><span class="keyword">And </span><span class="step val">I click ok button in Product added alert pop up</span><small class="step_duration">(0.000s)</small></div><div class="step_file"><span>features/steps/register_steps.py:60</span></div><span class="embed" /></li></ol><span /></div><div class="scenario"><span class="scenario_file">features/product.feature:20</span><h3 onclick="Collapsible_toggle('scenario_2')"><span class="val">Scenario: Open Cart Page</span></h3><ol class="scenario_steps" id="scenario_2"><li class="step passed"><div class="step_name"><span class="keyword">Given </span><span class="step val">I am on the registration page</span><small class="step_duration">(2.925s)</small></div><div class="step_file"><span>features/steps/register_steps.py:4</span></div><span class="embed" /></li><li class="step passed"><div class="step_name"><span class="keyword">And </span><span class="step val">I click the login link</span><small class="step_duration">(0.054s)</small></div><div class="step_file"><span>features/steps/register_steps.py:40</span></div><span class="embed" /></li><li class="step passed"><div class="step_name"><span class="keyword">When </span><span class="step val">I fill in the registration form with valid data</span><small class="step_duration">(0.255s)</small></div><div class="step_file"><span>features/steps/register_steps.py:23</span></div><table><tr><th>user_name</th><th>password</th></tr><tr><td>test</td><td>test</td></tr></table><span class="embed" /></li><li class="step passed"><div class="step_name"><span class="keyword">And </span><span class="step val">I login the form</span><small class="step_duration">(0.263s)</small></div><div class="step_file"><span>features/steps/register_steps.py:44</span></div><span class="embed" /></li><li class="step passed"><div class="step_name"><span class="keyword">And </span><span class="step val">Verify the Successful authentication</span><small class="step_duration">(6.883s)</small></div><div class="step_file"><span>features/steps/register_steps.py:48</span></div><span class="embed" /></li><li class="step passed"><div class="step_name"><span class="keyword">Given </span><span class="step val">I click the Cart link</span><small class="step_duration">(0.426s)</small></div><div class="step_file"><span>features/steps/register_steps.py:64</span></div><span class="embed" /></li></ol><span /></div><div class="scenario"><span class="scenario_file">features/product.feature:23</span><h3 onclick="Collapsible_toggle('scenario_3')" class="failed"><span class="val">Scenario: Place Order</span></h3><ol class="scenario_steps" id="scenario_3"><li class="step passed"><div class="step_name"><span class="keyword">Given </span><span class="step val">I am on the registration page</span><small class="step_duration">(3.575s)</small></div><div class="step_file"><span>features/steps/register_steps.py:4</span></div><span class="embed" /></li><li class="step passed"><div class="step_name"><span class="keyword">And </span><span class="step val">I click the login link</span><small class="step_duration">(0.051s)</small></div><div class="step_file"><span>features/steps/register_steps.py:40</span></div><span class="embed" /></li><li class="step passed"><div class="step_name"><span class="keyword">When </span><span class="step val">I fill in the registration form with valid data</span><small class="step_duration">(0.257s)</small></div><div class="step_file"><span>features/steps/register_steps.py:23</span></div><table><tr><th>user_name</th><th>password</th></tr><tr><td>test</td><td>test</td></tr></table><span class="embed" /></li><li class="step passed"><div class="step_name"><span class="keyword">And </span><span class="step val">I login the form</span><small class="step_duration">(0.263s)</small></div><div class="step_file"><span>features/steps/register_steps.py:44</span></div><span class="embed" /></li><li class="step passed"><div class="step_name"><span class="keyword">And </span><span class="step val">Verify the Successful authentication</span><small class="step_duration">(6.967s)</small></div><div class="step_file"><span>features/steps/register_steps.py:48</span></div><span class="embed" /></li><li class="step passed"><div class="step_name"><span class="keyword">Given </span><span class="step val">I click the Cart link</span><small class="step_duration">(1.867s)</small></div><div class="step_file"><span>features/steps/register_steps.py:64</span></div><span class="embed" /></li><li class="step passed"><div class="step_name"><span class="keyword">And </span><span class="step val">I click the Place order button</span><small class="step_duration">(0.312s)</small></div><div class="step_file"><span>features/steps/register_steps.py:68</span></div><span class="embed" /></li><li class="step failed"><div class="step_name"><span class="keyword">When </span><span class="step val">I fill in the place order form with valid data</span><small class="step_duration">(30.016s)</small></div><div class="step_file"><span>features/steps/register_steps.py:72</span></div><table><tr><th>user_name</th><th>country</th><th>city</th><th>credit_card</th><th>month</th><th>year</th></tr><tr><td>test</td><td>test</td><td>seng</td><td>visa</td><td>10</td><td>2025</td></tr></table><span class="embed"><a onclick="Collapsible_toggle('embed_1')">Error Message</a><pre id="embed_1" style="display: none">Traceback (most recent call last):
  File "/Users/manivannanp/Downloads/playwright_python_behave-main/venv/lib/python3.13/site-packages/behave/model.py", line 1329, in run
    match.run(runner.context)
    ~~~~~~~~~^^^^^^^^^^^^^^^^
  File "/Users/manivannanp/Downloads/playwright_python_behave-main/venv/lib/python3.13/site-packages/behave/matchers.py", line 98, in run
    self.func(context, *args, **kwargs)
    ~~~~~~~~~^^^^^^^^^^^^^^^^^^^^^^^^^^
  File "features/steps/register_steps.py", line 81, in step_impl
    context.register_page.placeorder(first_name, country, city , credit_card , month , year )
    ~~~~~~~~~~~~~~~~~~~~~~~~~~~~~~~~^^^^^^^^^^^^^^^^^^^^^^^^^^^^^^^^^^^^^^^^^^^^^^^^^^^^^^^^^
  File "/Users/manivannanp/Downloads/playwright_python_behave-main/features/pages/register_page.py", line 92, in placeorder
    self.page.locator(self.locators[field]).fill(value)
    ~~~~~~~~~~~~~~~~~~~~~~~~~~~~~~~~~~~~~~~~~~~~^^^^^^^
  File "/Users/manivannanp/Downloads/playwright_python_behave-main/venv/lib/python3.13/site-packages/playwright/sync_api/_generated.py", line 15846, in fill
    self._sync(
    ~~~~~~~~~~^
        self._impl_obj.fill(
        ^^^^^^^^^^^^^^^^^^^^
            value=value, timeout=timeout, noWaitAfter=no_wait_after, force=force
            ^^^^^^^^^^^^^^^^^^^^^^^^^^^^^^^^^^^^^^^^^^^^^^^^^^^^^^^^^^^^^^^^^^^^
        )
        ^
    )
    ^
  File "/Users/manivannanp/Downloads/playwright_python_behave-main/venv/lib/python3.13/site-packages/playwright/_impl/_sync_base.py", line 115, in _sync
    return task.result()
           ~~~~~~~~~~~^^
  File "/Users/manivannanp/Downloads/playwright_python_behave-main/venv/lib/python3.13/site-packages/playwright/_impl/_locator.py", line 212, in fill
    return await self._frame.fill(self._selector, strict=True, **params)
           ^^^^^^^^^^^^^^^^^^^^^^^^^^^^^^^^^^^^^^^^^^^^^^^^^^^^^^^^^^^^^
  File "/Users/manivannanp/Downloads/playwright_python_behave-main/venv/lib/python3.13/site-packages/playwright/_impl/_frame.py", line 527, in fill
    await self._channel.send("fill", locals_to_params(locals()))
  File "/Users/manivannanp/Downloads/playwright_python_behave-main/venv/lib/python3.13/site-packages/playwright/_impl/_connection.py", line 61, in send
    return await self._connection.wrap_api_call(
           ^^^^^^^^^^^^^^^^^^^^^^^^^^^^^^^^^^^^^
    ...&lt;2 lines&gt;...
    )
    ^
  File "/Users/manivannanp/Downloads/playwright_python_behave-main/venv/lib/python3.13/site-packages/playwright/_impl/_connection.py", line 528, in wrap_api_call
    raise rewrite_error(error, f"{parsed_st['apiName']}: {error}") from None
playwright._impl._errors.TimeoutError: Locator.fill: Timeout 30000ms exceeded.
Call log:
  - waiting for locator("#name")
  -     - locator resolved to &lt;input id="name" type="text" class="form-control"/&gt;
  -     - fill("test")
  -   - attempting fill action
  -     2 × waiting for element to be visible, enabled and editable
  -       - element is not visible
  -     - retrying fill action
  -     - waiting 20ms
  -     2 × waiting for element to be visible, enabled and editable
  -       - element is not visible
  -     - retrying fill action
  -       - waiting 100ms
  -     59 × waiting for element to be visible, enabled and editable
  -        - element is not visible
  -      - retrying fill action
  -        - waiting 500ms

</pre>    </span></li></ol><span /></div><div class="scenario"><span class="scenario_file">features/product.feature:30</span><h3 onclick="Collapsible_toggle('scenario_4')" class="failed"><span class="val">Scenario: Verify Purchase Confirmation</span></h3><ol class="scenario_steps" id="scenario_4"><li class="step passed"><div class="step_name"><span class="keyword">Given </span><span class="step val">I am on the registration page</span><small class="step_duration">(2.942s)</small></div><div class="step_file"><span>features/steps/register_steps.py:4</span></div><span class="embed" /></li><li class="step passed"><div class="step_name"><span class="keyword">And </span><span class="step val">I click the login link</span><small class="step_duration">(0.054s)</small></div><div class="step_file"><span>features/steps/register_steps.py:40</span></div><span class="embed" /></li><li class="step passed"><div class="step_name"><span class="keyword">When </span><span class="step val">I fill in the registration form with valid data</span><small class="step_duration">(0.247s)</small></div><div class="step_file"><span>features/steps/register_steps.py:23</span></div><table><tr><th>user_name</th><th>password</th></tr><tr><td>test</td><td>test</td></tr></table><span class="embed" /></li><li class="step passed"><div class="step_name"><span class="keyword">And </span><span class="step val">I login the form</span><small class="step_duration">(0.256s)</small></div><div class="step_file"><span>features/steps/register_steps.py:44</span></div><span class="embed" /></li><li class="step passed"><div class="step_name"><span class="keyword">And </span><span class="step val">Verify the Successful authentication</span><small class="step_duration">(5.241s)</small></div><div class="step_file"><span>features/steps/register_steps.py:48</span></div><span class="embed" /></li><li class="step failed"><div class="step_name"><span class="keyword">When </span><span class="step val">I click the purchase button</span><small class="step_duration">(31.030s)</small></div><div class="step_file"><span>features/steps/register_steps.py:84</span></div><span class="embed"><a onclick="Collapsible_toggle('embed_2')">Error Message</a><pre id="embed_2" style="display: none">Traceback (most recent call last):
  File "/Users/manivannanp/Downloads/playwright_python_behave-main/venv/lib/python3.13/site-packages/behave/model.py", line 1329, in run
    match.run(runner.context)
    ~~~~~~~~~^^^^^^^^^^^^^^^^
  File "/Users/manivannanp/Downloads/playwright_python_behave-main/venv/lib/python3.13/site-packages/behave/matchers.py", line 98, in run
    self.func(context, *args, **kwargs)
    ~~~~~~~~~^^^^^^^^^^^^^^^^^^^^^^^^^^
  File "features/steps/register_steps.py", line 86, in step_impl
    context.register_page.clickpurchasebutton()
    ~~~~~~~~~~~~~~~~~~~~~~~~~~~~~~~~~~~~~~~~~^^
  File "/Users/manivannanp/Downloads/playwright_python_behave-main/features/pages/register_page.py", line 96, in clickpurchasebutton
    self.page.get_by_role("button", name=self.locators["Purchase"]).click()
    ~~~~~~~~~~~~~~~~~~~~~~~~~~~~~~~~~~~~~~~~~~~~~~~~~~~~~~~~~~~~~~~~~~~~~^^
  File "/Users/manivannanp/Downloads/playwright_python_behave-main/venv/lib/python3.13/site-packages/playwright/sync_api/_generated.py", line 15507, in click
    self._sync(
    ~~~~~~~~~~^
        self._impl_obj.click(
        ^^^^^^^^^^^^^^^^^^^^^
    ...&lt;9 lines&gt;...
        )
        ^
    )
    ^
  File "/Users/manivannanp/Downloads/playwright_python_behave-main/venv/lib/python3.13/site-packages/playwright/_impl/_sync_base.py", line 115, in _sync
    return task.result()
           ~~~~~~~~~~~^^
  File "/Users/manivannanp/Downloads/playwright_python_behave-main/venv/lib/python3.13/site-packages/playwright/_impl/_locator.py", line 160, in click
    return await self._frame.click(self._selector, strict=True, **params)
           ^^^^^^^^^^^^^^^^^^^^^^^^^^^^^^^^^^^^^^^^^^^^^^^^^^^^^^^^^^^^^^
  File "/Users/manivannanp/Downloads/playwright_python_behave-main/venv/lib/python3.13/site-packages/playwright/_impl/_frame.py", line 488, in click
    await self._channel.send("click", locals_to_params(locals()))
  File "/Users/manivannanp/Downloads/playwright_python_behave-main/venv/lib/python3.13/site-packages/playwright/_impl/_connection.py", line 61, in send
    return await self._connection.wrap_api_call(
           ^^^^^^^^^^^^^^^^^^^^^^^^^^^^^^^^^^^^^
    ...&lt;2 lines&gt;...
    )
    ^
  File "/Users/manivannanp/Downloads/playwright_python_behave-main/venv/lib/python3.13/site-packages/playwright/_impl/_connection.py", line 528, in wrap_api_call
    raise rewrite_error(error, f"{parsed_st['apiName']}: {error}") from None
playwright._impl._errors.TimeoutError: Locator.click: Timeout 30000ms exceeded.
Call log:
  - waiting for get_by_role("button", name="Purchase")

</pre>    </span></li></ol><span /></div><div class="feature"><h2><span class="val">Feature: Register Feature</span></h2><span /></div><div class="scenario"><span class="scenario_file">features/register.feature:3</span><h3 onclick="Collapsible_toggle('scenario_5')" class="failed"><span class="val">Scenario: New User Registration</span></h3><ol class="scenario_steps" id="scenario_5"><li class="step passed"><div class="step_name"><span class="keyword">Given </span><span class="step val">I am on the registration page</span><small class="step_duration">(1.850s)</small></div><div class="step_file"><span>features/steps/register_steps.py:4</span></div><span class="embed" /></li><li class="step passed"><div class="step_name"><span class="keyword">And </span><span class="step val">I click the login link</span><small class="step_duration">(0.044s)</small></div><div class="step_file"><span>features/steps/register_steps.py:40</span></div><span class="embed" /></li><li class="step passed"><div class="step_name"><span class="keyword">When </span><span class="step val">I fill in the registration form with valid data</span><small class="step_duration">(0.246s)</small></div><div class="step_file"><span>features/steps/register_steps.py:23</span></div><table><tr><th>user_name</th><th>password</th></tr><tr><td>test</td><td>test</td></tr></table><span class="embed" /></li><li class="step passed"><div class="step_name"><span class="keyword">And </span><span class="step val">I login the form</span><small class="step_duration">(0.253s)</small></div><div class="step_file"><span>features/steps/register_steps.py:44</span></div><span class="embed" /></li><li class="step passed"><div class="step_name"><span class="keyword">And </span><span class="step val">Verify the Successful authentication</span><small class="step_duration">(6.044s)</small></div><div class="step_file"><span>features/steps/register_steps.py:48</span></div><span class="embed" /></li><li class="step passed"><div class="step_name"><span class="keyword">Given </span><span class="step val">I click the samsung galaxy s6 link</span><small class="step_duration">(0.339s)</small></div><div class="step_file"><span>features/steps/register_steps.py:52</span></div><span class="embed" /></li><li class="step passed"><div class="step_name"><span class="keyword">And </span><span class="step val">I click the Add Cart button</span><small class="step_duration">(10.119s)</small></div><div class="step_file"><span>features/steps/register_steps.py:56</span></div><span class="embed" /></li><li class="step passed"><div class="step_name"><span class="keyword">And </span><span class="step val">I click ok button in Product added alert pop up</span><small class="step_duration">(0.000s)</small></div><div class="step_file"><span>features/steps/register_steps.py:60</span></div><span class="embed" /></li><li class="step passed"><div class="step_name"><span class="keyword">And </span><span class="step val">I click the Cart link</span><small class="step_duration">(0.805s)</small></div><div class="step_file"><span>features/steps/register_steps.py:64</span></div><span class="embed" /></li><li class="step passed"><div class="step_name"><span class="keyword">And </span><span class="step val">I click the Place order button</span><small class="step_duration">(0.323s)</small></div><div class="step_file"><span>features/steps/register_steps.py:68</span></div><span class="embed" /></li><li class="step failed"><div class="step_name"><span class="keyword">When </span><span class="step val">I fill in the place order form with valid data</span><small class="step_duration">(30.014s)</small></div><div class="step_file"><span>features/steps/register_steps.py:72</span></div><table><tr><th>user_name</th><th>country</th><th>city</th><th>credit_card</th><th>month</th><th>year</th></tr><tr><td>test</td><td>test</td><td>seng</td><td>visa</td><td>10</td><td>2025</td></tr></table><span class="embed"><a onclick="Collapsible_toggle('embed_3')">Error Message</a><pre id="embed_3" style="display: none">Traceback (most recent call last):
  File "/Users/manivannanp/Downloads/playwright_python_behave-main/venv/lib/python3.13/site-packages/behave/model.py", line 1329, in run
    match.run(runner.context)
    ~~~~~~~~~^^^^^^^^^^^^^^^^
  File "/Users/manivannanp/Downloads/playwright_python_behave-main/venv/lib/python3.13/site-packages/behave/matchers.py", line 98, in run
    self.func(context, *args, **kwargs)
    ~~~~~~~~~^^^^^^^^^^^^^^^^^^^^^^^^^^
  File "features/steps/register_steps.py", line 81, in step_impl
    context.register_page.placeorder(first_name, country, city , credit_card , month , year )
    ~~~~~~~~~~~~~~~~~~~~~~~~~~~~~~~~^^^^^^^^^^^^^^^^^^^^^^^^^^^^^^^^^^^^^^^^^^^^^^^^^^^^^^^^^
  File "/Users/manivannanp/Downloads/playwright_python_behave-main/features/pages/register_page.py", line 92, in placeorder
    self.page.locator(self.locators[field]).fill(value)
    ~~~~~~~~~~~~~~~~~~~~~~~~~~~~~~~~~~~~~~~~~~~~^^^^^^^
  File "/Users/manivannanp/Downloads/playwright_python_behave-main/venv/lib/python3.13/site-packages/playwright/sync_api/_generated.py", line 15846, in fill
    self._sync(
    ~~~~~~~~~~^
        self._impl_obj.fill(
        ^^^^^^^^^^^^^^^^^^^^
            value=value, timeout=timeout, noWaitAfter=no_wait_after, force=force
            ^^^^^^^^^^^^^^^^^^^^^^^^^^^^^^^^^^^^^^^^^^^^^^^^^^^^^^^^^^^^^^^^^^^^
        )
        ^
    )
    ^
  File "/Users/manivannanp/Downloads/playwright_python_behave-main/venv/lib/python3.13/site-packages/playwright/_impl/_sync_base.py", line 115, in _sync
    return task.result()
           ~~~~~~~~~~~^^
  File "/Users/manivannanp/Downloads/playwright_python_behave-main/venv/lib/python3.13/site-packages/playwright/_impl/_locator.py", line 212, in fill
    return await self._frame.fill(self._selector, strict=True, **params)
           ^^^^^^^^^^^^^^^^^^^^^^^^^^^^^^^^^^^^^^^^^^^^^^^^^^^^^^^^^^^^^
  File "/Users/manivannanp/Downloads/playwright_python_behave-main/venv/lib/python3.13/site-packages/playwright/_impl/_frame.py", line 527, in fill
    await self._channel.send("fill", locals_to_params(locals()))
  File "/Users/manivannanp/Downloads/playwright_python_behave-main/venv/lib/python3.13/site-packages/playwright/_impl/_connection.py", line 61, in send
    return await self._connection.wrap_api_call(
           ^^^^^^^^^^^^^^^^^^^^^^^^^^^^^^^^^^^^^
    ...&lt;2 lines&gt;...
    )
    ^
  File "/Users/manivannanp/Downloads/playwright_python_behave-main/venv/lib/python3.13/site-packages/playwright/_impl/_connection.py", line 528, in wrap_api_call
    raise rewrite_error(error, f"{parsed_st['apiName']}: {error}") from None
playwright._impl._errors.TimeoutError: Locator.fill: Timeout 30000ms exceeded.
Call log:
  - waiting for locator("#name")
  -     - locator resolved to &lt;input id="name" type="text" class="form-control"/&gt;
  -     - fill("test")
  -   - attempting fill action
  -     2 × waiting for element to be visible, enabled and editable
  -       - element is not visible
  -     - retrying fill action
  -     - waiting 20ms
  -     2 × waiting for element to be visible, enabled and editable
  -       - element is not visible
  -     - retrying fill action
  -       - waiting 100ms
  -     59 × waiting for element to be visible, enabled and editable
  -        - element is not visible
  -      - retrying fill action
  -        - waiting 500ms

</pre>    </span></li></ol><span /></div></div></body></html>